<?xml version="1.0" encoding="UTF-8"?>
<!-- Generated by org.testng.reporters.JUnitReportReporter -->
<testsuite hostname="DESKTOP-9HOSIS4" failures="0" tests="1" name="testCases.HomeTest" time="6.160" errors="0" timestamp="2022-03-17T11:40:30 GST" skipped="0">
  <testcase classname="testCases.HomeTest" name="HomeTestCase" time="6.160"/>
  <system-out/>
</testsuite> <!-- testCases.HomeTest -->
