<?xml version="1.0" encoding="UTF-8"?>
<!-- Generated by org.testng.reporters.JUnitReportReporter -->
<testsuite hostname="DESKTOP-9HOSIS4" failures="0" tests="4" name="testCases.LoginTest" time="64.577" errors="0" timestamp="2022-03-18T22:51:59 GST" skipped="1">
  <testcase classname="testCases.LoginTest" name="LoginFailureTest" time="17.648"/>
  <system-out/>
  <testcase classname="testCases.LoginTest" name="ParametirezedTest" time="19.200"/>
  <system-out/>
  <testcase classname="testCases.LoginTest" name="LoginSuccessTest" time="27.729"/>
  <system-out/>
  <testcase classname="testCases.LoginTest" name="ExternalSheetDataTest">
    <skipped/>
  </testcase> <!-- ExternalSheetDataTest -->
  <system-out/>
</testsuite> <!-- testCases.LoginTest -->
